Created by PLY version 3.11 (http://www.dabeaz.com/ply)

Unused terminals:

    AMPERSANT
    ANDEQUAL
    ASSIGN
    BACKSLASH
    BOOL_AND
    BOOL_OR
    COLON
    COMILLASDOBLES
    COMILLASIMPLE
    COMMENT_MULTI
    DIVEQUAL
    DOT
    HASHTAG
    INVALID_NUMBER_SEQUENCE
    INVALID_VARIABLE
    ISIDENTICAL
    ISNOTIDENTICAL
    MINUSEQUAL
    MOD
    MULEQUAL
    NOT
    PLUSEQUAL
    POW
    QUESTIONMARK
    SL
    SLEQUAL
    SR
    SREQUAL
    XOREQUAL
    abs
    abstract
    and
    array
    as
    break
    callable
    case
    catch
    ceil
    clone
    continue
    cos
    declare
    default
    deg2rad
    die
    do
    else
    elseif
    endclare
    endfor
    endforeach
    endif
    endswitch
    endwhile
    eval
    exit
    exp
    extends
    final
    finally
    floor
    for
    foreach
    global
    goto
    if
    implements
    include_once
    instanceof
    insteadof
    interface
    isset
    list
    log
    log10
    match
    max
    min
    namespace
    objectoperator
    or
    php
    pow
    private
    protected
    public
    rad2deg
    rand
    readonly
    require
    require_once
    return
    round
    sin
    sqrt
    static
    switch
    throw
    trait
    try
    unset
    use
    var
    xor

Grammar

Rule 0     S' -> program
Rule 1     program -> header declaration_list
Rule 2     header -> OPEN_TAG
Rule 3     footer_declaration -> CLOSE_TAG
Rule 4     declaration_list -> declaration
Rule 5     declaration_list -> declaration_list declaration
Rule 6     declaration -> COMMENT
Rule 7     declaration -> COMMENT_HASHTAG
Rule 8     declaration -> COMMENTMULTI
Rule 9     declaration -> header_declaration
Rule 10    declaration -> var_declaration
Rule 11    declaration -> constant_declaration
Rule 12    declaration -> print_declaration
Rule 13    declaration -> echo_declaration
Rule 14    declaration -> iteration_stmt
Rule 15    declaration -> fun_declaration
Rule 16    declaration -> fun_call
Rule 17    declaration -> obj_declaration
Rule 18    declaration -> create_obj_declaration
Rule 19    declaration -> footer_declaration
Rule 20    declaration -> empty
Rule 21    data_type -> NUMBER
Rule 22    data_type -> CADENA
Rule 23    header_declaration -> include CADENA SEMICOLON
Rule 24    constant_declaration -> const ID EQUAL data_type SEMICOLON
Rule 25    print_declaration -> print var_declaration2 SEMICOLON
Rule 26    print_declaration -> print LPAREN var_declaration2 RPAREN SEMICOLON
Rule 27    print_declaration -> print LPAREN data_type RPAREN SEMICOLON
Rule 28    print_declaration -> print data_type SEMICOLON
Rule 29    echo_declaration -> echo var_declaration2 SEMICOLON
Rule 30    echo_declaration -> echo LPAREN var_declaration2 RPAREN SEMICOLON
Rule 31    echo_declaration -> echo LPAREN data_type RPAREN SEMICOLON
Rule 32    echo_declaration -> echo data_type SEMICOLON
Rule 33    var_declaration -> var_declaration2 SEMICOLON
Rule 34    var_declaration -> VARIABLE LBRACKET NUMBER RBRACKET SEMICOLON
Rule 35    var_declaration2 -> VARIABLE
Rule 36    var_declaration2 -> VARIABLE COMMA var_declaration2
Rule 37    var_declaration2 -> VARIABLE EQUAL NUMBER COMMA var_declaration2
Rule 38    var_declaration2 -> VARIABLE EQUAL NUMBER
Rule 39    var_declaration2 -> VARIABLE EQUAL VARIABLE COMMA var_declaration2
Rule 40    var_declaration2 -> VARIABLE EQUAL VARIABLE
Rule 41    var_declaration2 -> VARIABLE EQUAL expression
Rule 42    var_declaration2 -> COMMA
Rule 43    var_declaration2 -> data_type COMMA var_declaration2
Rule 44    var_declaration2 -> NUMBER RBRACKET
Rule 45    var_declaration2 -> VARIABLE EQUAL LBRACKET data_type COMMA var_declaration2
Rule 46    var_declaration2 -> CADENA COMMA var_declaration2
Rule 47    var_declaration2 -> CADENA RBRACKET
Rule 48    iteration_stmt -> while LPAREN expression RPAREN LBLOCK declaration RBLOCK
Rule 49    expression -> additive_expression
Rule 50    expression -> additive_expression comp_op additive_expression
Rule 51    additive_expression -> additive_expression math_op additive_expression
Rule 52    additive_expression -> NUMBER
Rule 53    additive_expression -> NUMBER MINUSMINUS
Rule 54    additive_expression -> NUMBER PLUSPLUS
Rule 55    additive_expression -> VARIABLE
Rule 56    math_op -> PLUS
Rule 57    math_op -> MINUS
Rule 58    math_op -> TIMES
Rule 59    math_op -> DIVIDE
Rule 60    comp_op -> LESS
Rule 61    comp_op -> LESSEQUAL
Rule 62    comp_op -> GREATER
Rule 63    comp_op -> GREATEREQUAL
Rule 64    comp_op -> DEQUAL
Rule 65    comp_op -> DISTINT
Rule 66    comp_op -> ISEQUAL
Rule 67    fun_declaration -> function ID LPAREN params RPAREN LBLOCK declaration RBLOCK
Rule 68    fun_call -> ID LPAREN params RPAREN
Rule 69    obj_declaration -> class ID LBLOCK declaration RBLOCK
Rule 70    create_obj_declaration -> new ID LPAREN params RPAREN
Rule 71    params -> param_list
Rule 72    params -> var_declaration2
Rule 73    params -> empty_function
Rule 74    param_list -> param_list COMMA params
Rule 75    param_list -> params
Rule 76    empty_function -> <empty>

Terminals, with rules where they appear

AMPERSANT            : 
ANDEQUAL             : 
ASSIGN               : 
BACKSLASH            : 
BOOL_AND             : 
BOOL_OR              : 
CADENA               : 22 23 46 47
CLOSE_TAG            : 3
COLON                : 
COMILLASDOBLES       : 
COMILLASIMPLE        : 
COMMA                : 36 37 39 42 43 45 46 74
COMMENT              : 6
COMMENT_HASHTAG      : 7
COMMENT_MULTI        : 
DEQUAL               : 64
DISTINT              : 65
DIVEQUAL             : 
DIVIDE               : 59
DOT                  : 
EQUAL                : 24 37 38 39 40 41 45
GREATER              : 62
GREATEREQUAL         : 63
HASHTAG              : 
ID                   : 24 67 68 69 70
INVALID_NUMBER_SEQUENCE : 
INVALID_VARIABLE     : 
ISEQUAL              : 66
ISIDENTICAL          : 
ISNOTIDENTICAL       : 
LBLOCK               : 48 67 69
LBRACKET             : 34 45
LESS                 : 60
LESSEQUAL            : 61
LPAREN               : 26 27 30 31 48 67 68 70
MINUS                : 57
MINUSEQUAL           : 
MINUSMINUS           : 53
MOD                  : 
MULEQUAL             : 
NOT                  : 
NUMBER               : 21 34 37 38 44 52 53 54
OPEN_TAG             : 2
PLUS                 : 56
PLUSEQUAL            : 
PLUSPLUS             : 54
POW                  : 
QUESTIONMARK         : 
RBLOCK               : 48 67 69
RBRACKET             : 34 44 47
RPAREN               : 26 27 30 31 48 67 68 70
SEMICOLON            : 23 24 25 26 27 28 29 30 31 32 33 34
SL                   : 
SLEQUAL              : 
SR                   : 
SREQUAL              : 
TIMES                : 58
VARIABLE             : 34 35 36 37 38 39 39 40 40 41 45 55
XOREQUAL             : 
abs                  : 
abstract             : 
and                  : 
array                : 
as                   : 
break                : 
callable             : 
case                 : 
catch                : 
ceil                 : 
class                : 69
clone                : 
const                : 24
continue             : 
cos                  : 
declare              : 
default              : 
deg2rad              : 
die                  : 
do                   : 
echo                 : 29 30 31 32
else                 : 
elseif               : 
empty                : 20
endclare             : 
endfor               : 
endforeach           : 
endif                : 
endswitch            : 
endwhile             : 
error                : 
eval                 : 
exit                 : 
exp                  : 
extends              : 
final                : 
finally              : 
floor                : 
for                  : 
foreach              : 
function             : 67
global               : 
goto                 : 
if                   : 
implements           : 
include              : 23
include_once         : 
instanceof           : 
insteadof            : 
interface            : 
isset                : 
list                 : 
log                  : 
log10                : 
match                : 
max                  : 
min                  : 
namespace            : 
new                  : 70
objectoperator       : 
or                   : 
php                  : 
pow                  : 
print                : 25 26 27 28
private              : 
protected            : 
public               : 
rad2deg              : 
rand                 : 
readonly             : 
require              : 
require_once         : 
return               : 
round                : 
sin                  : 
sqrt                 : 
static               : 
switch               : 
throw                : 
trait                : 
try                  : 
unset                : 
use                  : 
var                  : 
while                : 48
xor                  : 

Nonterminals, with rules where they appear

COMMENTMULTI         : 8
additive_expression  : 49 50 50 51 51
comp_op              : 50
constant_declaration : 11
create_obj_declaration : 18
data_type            : 24 27 28 31 32 43 45
declaration          : 4 5 48 67 69
declaration_list     : 1 5
echo_declaration     : 13
empty_function       : 73
expression           : 41 48
footer_declaration   : 19
fun_call             : 16
fun_declaration      : 15
header               : 1
header_declaration   : 9
iteration_stmt       : 14
math_op              : 51
obj_declaration      : 17
param_list           : 71 74
params               : 67 68 70 74 75
print_declaration    : 12
program              : 0
var_declaration      : 10
var_declaration2     : 25 26 29 30 33 36 37 39 43 45 46 72

